<?xml version="1.0" encoding="UTF-8"?>
<!-- Generated by org.testng.reporters.JUnitXMLReporter -->
<testsuite ignored="0" hostname="DESKTOP-P3J5P5K" failures="2" tests="2" name="Surefire test" time="0.65" errors="0" timestamp="2023-12-15T22:00:06 EET">
  <testcase classname="generalstore.tests.TC01_PozitifTest" name="tc01PozitiveTest" time="0.442">
    <failure type="java.lang.NullPointerException">
      <![CDATA[java.lang.NullPointerException
at generalstore.utils.Driver.getDriver(Driver.java:39)
at generalstore.pages.FormSayfasi.<init>(FormSayfasi.java:24)
at generalstore.tests.TC01_PozitifTest.tc01PozitiveTest(TC01_PozitifTest.java:16)
at java.base/java.util.ArrayList.forEach(ArrayList.java:1541)
... Removed 32 stack frames]]>
    </failure>
  </testcase> <!-- tc01PozitiveTest -->
  <testcase classname="generalstore.tests.TC02_NegatifTest" name="tc02NegativeTest" time="0.002">
    <failure type="java.lang.NullPointerException">
      <![CDATA[java.lang.NullPointerException
at generalstore.utils.Driver.getDriver(Driver.java:39)
at generalstore.pages.FormSayfasi.<init>(FormSayfasi.java:24)
at generalstore.tests.TC02_NegatifTest.tc02NegativeTest(TC02_NegatifTest.java:20)
at java.base/java.util.ArrayList.forEach(ArrayList.java:1541)
... Removed 32 stack frames]]>
    </failure>
  </testcase> <!-- tc02NegativeTest -->
</testsuite> <!-- Surefire test -->
